 
New instance of bashtop version: 0.9.25 Pid: 196321
09:59:10 PM ERROR: On line 4353 
09:59:10 PM ERROR: On line 4353 
stty: 'standard input': Input/output error
09:59:10 PM ERROR: On line 4356 
/usr/bin/bashtop: line 3570: echo: write error: Input/output error
09:59:10 PM ERROR: On line 3570 
09:59:10 PM ERROR: On line 4714 
09:59:10 PM ERROR: On line 4353 
stty: 'standard input': Input/output error
09:59:10 PM ERROR: On line 4356 
/usr/bin/bashtop: line 3570: echo: write error: Input/output error
09:59:10 PM ERROR: On line 3570 
09:59:10 PM ERROR: On line 4714 
09:59:10 PM ERROR: On line 4353 
stty: 'standard input': Input/output error
09:59:10 PM ERROR: On line 4356 
/usr/bin/bashtop: line 3570: echo: write error: Input/output error
09:59:10 PM ERROR: On line 3570 
09:59:10 PM ERROR: On line 4714 
stty: 'standard input': Input/output error
stty: 'standard input': Input/output error
09:59:10 PM ERROR: On line 659 
09:59:10 PM ERROR: On line 659 
/usr/bin/bashtop: line 660: ((: <80 | <24: syntax error: operand expected (error token is "<80 | <24")
/usr/bin/bashtop: line 664: echo: write error: Input/output error
09:59:10 PM ERROR: On line 664 
/usr/bin/bashtop: line 1126: echo: write error: Input/output error
09:59:10 PM ERROR: On line 1126 
09:59:10 PM ERROR: On line 665 
/usr/bin/bashtop: line 1968: echo: write error: Input/output error
09:59:10 PM ERROR: On line 1968 
09:59:10 PM ERROR: On line 666 
 
New instance of bashtop version: 0.9.25 Pid: 1656907
